{
  "RSpec": {
    "coverage": {
      "/Users/apprentice/Desktop/chuck_solo_wednesday/stack-overflow-workshop-challenge/dbc_overflow/spec/rails_helper.rb": [
        null,
        1,
        1,
        1,
        1,
        null,
        1,
        null,
        null,
        null,
        null,
        null,
        null,
        null,
        null,
        null,
        null,
        null,
        null,
        null,
        null,
        null,
        null,
        null,
        null,
        1,
        null,
        1,
        1,
        null,
        1,
        null,
        null,
        null,
        null,
        1,
        null,
        1,
        1,
        null,
        null,
        1,
        5,
        null,
        null,
        1,
        9,
        null,
        null,
        1,
        9,
        null,
        null,
        null,
        null,
        null,
        null,
        null,
        null,
        null,
        null,
        null,
        null,
        null,
        null,
        1,
        null
      ],
      "/Users/apprentice/Desktop/chuck_solo_wednesday/stack-overflow-workshop-challenge/dbc_overflow/config/environment.rb": [
        null,
        1,
        null,
        null,
        1
      ],
      "/Users/apprentice/Desktop/chuck_solo_wednesday/stack-overflow-workshop-challenge/dbc_overflow/config/application.rb": [
        1,
        null,
        null,
        1,
        1,
        1,
        1,
        1,
        1,
        null,
        null,
        null,
        null,
        1,
        null,
        1,
        1,
        null,
        null,
        null,
        null,
        null,
        null,
        null,
        null,
        null,
        null,
        null,
        null,
        null
      ],
      "/Users/apprentice/Desktop/chuck_solo_wednesday/stack-overflow-workshop-challenge/dbc_overflow/config/boot.rb": [
        null,
        1,
        null,
        1
      ],
      "/Users/apprentice/Desktop/chuck_solo_wednesday/stack-overflow-workshop-challenge/dbc_overflow/config/environments/test.rb": [
        1,
        null,
        null,
        null,
        null,
        null,
        null,
        1,
        null,
        null,
        null,
        null,
        1,
        null,
        null,
        1,
        1,
        null,
        null,
        1,
        1,
        null,
        null,
        1,
        null,
        null,
        1,
        null,
        null,
        null,
        null,
        1,
        null,
        null,
        1,
        null,
        null,
        null,
        null
      ],
      "/Users/apprentice/Desktop/chuck_solo_wednesday/stack-overflow-workshop-challenge/dbc_overflow/config/initializers/assets.rb": [
        null,
        null,
        null,
        1,
        null,
        null,
        null,
        null
      ],
      "/Users/apprentice/Desktop/chuck_solo_wednesday/stack-overflow-workshop-challenge/dbc_overflow/config/initializers/backtrace_silencers.rb": [
        null,
        null,
        null,
        null,
        null,
        null,
        null
      ],
      "/Users/apprentice/Desktop/chuck_solo_wednesday/stack-overflow-workshop-challenge/dbc_overflow/config/initializers/cookies_serializer.rb": [
        null,
        null,
        1
      ],
      "/Users/apprentice/Desktop/chuck_solo_wednesday/stack-overflow-workshop-challenge/dbc_overflow/config/initializers/filter_parameter_logging.rb": [
        null,
        null,
        null,
        1
      ],
      "/Users/apprentice/Desktop/chuck_solo_wednesday/stack-overflow-workshop-challenge/dbc_overflow/config/initializers/inflections.rb": [
        null,
        null,
        null,
        null,
        null,
        null,
        null,
        null,
        null,
        null,
        null,
        null,
        null,
        null,
        null,
        null
      ],
      "/Users/apprentice/Desktop/chuck_solo_wednesday/stack-overflow-workshop-challenge/dbc_overflow/config/initializers/mime_types.rb": [
        null,
        null,
        null,
        null
      ],
      "/Users/apprentice/Desktop/chuck_solo_wednesday/stack-overflow-workshop-challenge/dbc_overflow/config/initializers/session_store.rb": [
        null,
        null,
        1
      ],
      "/Users/apprentice/Desktop/chuck_solo_wednesday/stack-overflow-workshop-challenge/dbc_overflow/config/initializers/wrap_parameters.rb": [
        null,
        null,
        null,
        null,
        null,
        null,
        1,
        1,
        null,
        null,
        null,
        null,
        null,
        null
      ],
      "/Users/apprentice/Desktop/chuck_solo_wednesday/stack-overflow-workshop-challenge/dbc_overflow/spec/factories.rb": [
        1,
        1,
        6,
        6,
        null,
        null
      ],
      "/Users/apprentice/Desktop/chuck_solo_wednesday/stack-overflow-workshop-challenge/dbc_overflow/config/routes.rb": [
        1,
        null,
        1,
        1,
        1,
        null,
        null,
        1,
        1,
        1,
        null,
        null,
        null,
        null,
        null,
        null,
        1,
        null,
        null,
        null,
        null,
        null,
        null,
        null,
        null,
        null,
        null,
        null,
        null,
        null,
        null,
        null,
        null,
        null,
        null,
        null,
        null,
        null,
        null,
        null,
        null,
        null,
        null,
        null,
        null,
        null,
        null,
        null,
        null,
        null,
        null,
        null,
        null,
        null,
        null,
        null,
        null,
        null,
        null,
        null,
        null,
        null,
        null,
        null,
        null,
        null,
        null
      ],
      "/Users/apprentice/Desktop/chuck_solo_wednesday/stack-overflow-workshop-challenge/dbc_overflow/app/helpers/answer_helper.rb": [
        1,
        null
      ],
      "/Users/apprentice/Desktop/chuck_solo_wednesday/stack-overflow-workshop-challenge/dbc_overflow/app/helpers/answers_helper.rb": [
        1,
        null
      ],
      "/Users/apprentice/Desktop/chuck_solo_wednesday/stack-overflow-workshop-challenge/dbc_overflow/app/helpers/application_helper.rb": [
        1,
        null
      ],
      "/Users/apprentice/Desktop/chuck_solo_wednesday/stack-overflow-workshop-challenge/dbc_overflow/app/helpers/questions_helper.rb": [
        1,
        null
      ],
      "/Users/apprentice/Desktop/chuck_solo_wednesday/stack-overflow-workshop-challenge/dbc_overflow/spec/support/capybara_helpers.rb": [
        null,
        1,
        1,
        0,
        0,
        null,
        null,
        null,
        null,
        1
      ],
      "/Users/apprentice/Desktop/chuck_solo_wednesday/stack-overflow-workshop-challenge/dbc_overflow/spec/controllers/answers_controller_spec.rb": [
        1,
        null,
        1,
        null,
        1,
        1,
        1,
        1,
        null,
        null,
        null,
        1,
        1,
        1,
        0,
        null,
        null,
        null,
        null
      ],
      "/Users/apprentice/Desktop/chuck_solo_wednesday/stack-overflow-workshop-challenge/dbc_overflow/app/controllers/answers_controller.rb": [
        1,
        1,
        1,
        null,
        null,
        1,
        1,
        0,
        0,
        0,
        0,
        null,
        0,
        0,
        null,
        null,
        null,
        null,
        1,
        0,
        0,
        0,
        0,
        0,
        0,
        null,
        null,
        null,
        1,
        0,
        0,
        0,
        0,
        0,
        0,
        null,
        null,
        null,
        1,
        1,
        1,
        null,
        null
      ],
      "/Users/apprentice/Desktop/chuck_solo_wednesday/stack-overflow-workshop-challenge/dbc_overflow/app/controllers/application_controller.rb": [
        1,
        null,
        null,
        1,
        null
      ],
      "/Users/apprentice/Desktop/chuck_solo_wednesday/stack-overflow-workshop-challenge/dbc_overflow/spec/controllers/questions_controller_spec.rb": [
        1,
        null,
        1,
        null,
        1,
        1,
        1,
        1,
        null,
        null,
        null,
        1,
        1,
        1,
        0,
        null,
        null,
        null,
        null
      ],
      "/Users/apprentice/Desktop/chuck_solo_wednesday/stack-overflow-workshop-challenge/dbc_overflow/app/controllers/questions_controller.rb": [
        1,
        1,
        7,
        7,
        0,
        null,
        7,
        7,
        7,
        7,
        null,
        null,
        1,
        6,
        6,
        6,
        null,
        null,
        1,
        0,
        null,
        null,
        1,
        1,
        null,
        1,
        1,
        null,
        null,
        null,
        1,
        5,
        5,
        5,
        5,
        null,
        0,
        null,
        null,
        0,
        0,
        null,
        0,
        0,
        null,
        null,
        null,
        null,
        1,
        null,
        1,
        1,
        1,
        null,
        1,
        1,
        null,
        null,
        1,
        1,
        null,
        null,
        1,
        1,
        1,
        1,
        null,
        1,
        2,
        1,
        null,
        null,
        null,
        1,
        0,
        0,
        0,
        0,
        0,
        0,
        null,
        null,
        null,
        1,
        1,
        5,
        null,
        null
      ],
      "/Users/apprentice/Desktop/chuck_solo_wednesday/stack-overflow-workshop-challenge/dbc_overflow/spec/features/questions_spec.rb": [
        null,
        1,
        1,
        null,
        null,
        1,
        6,
        1,
        5,
        5,
        5,
        5,
        null,
        1,
        1,
        null,
        null,
        1,
        null,
        1,
        1,
        1,
        null,
        null,
        1,
        1,
        1,
        null,
        1,
        1,
        null,
        null,
        1,
        1,
        1,
        1,
        1,
        1,
        1,
        null,
        null,
        1,
        1,
        1,
        1,
        null,
        null,
        null
      ],
      "/Users/apprentice/Desktop/chuck_solo_wednesday/stack-overflow-workshop-challenge/dbc_overflow/spec/helpers/answer_helper_spec.rb": [
        1,
        null,
        null,
        null,
        null,
        null,
        null,
        null,
        null,
        null,
        null,
        null,
        1,
        1,
        null
      ],
      "/Users/apprentice/Desktop/chuck_solo_wednesday/stack-overflow-workshop-challenge/dbc_overflow/spec/helpers/answers_helper_spec.rb": [
        1,
        null,
        null,
        null,
        null,
        null,
        null,
        null,
        null,
        null,
        null,
        null,
        1,
        1,
        null
      ],
      "/Users/apprentice/Desktop/chuck_solo_wednesday/stack-overflow-workshop-challenge/dbc_overflow/spec/helpers/questions_helper_spec.rb": [
        1,
        null,
        null,
        null,
        null,
        null,
        null,
        null,
        null,
        null,
        null,
        null,
        1,
        1,
        null
      ],
      "/Users/apprentice/Desktop/chuck_solo_wednesday/stack-overflow-workshop-challenge/dbc_overflow/spec/models/answer_spec.rb": [
        1,
        null,
        1,
        1,
        null
      ],
      "/Users/apprentice/Desktop/chuck_solo_wednesday/stack-overflow-workshop-challenge/dbc_overflow/app/models/answer.rb": [
        1,
        1,
        null,
        1,
        0,
        null,
        null,
        1,
        0,
        null,
        null
      ],
      "/Users/apprentice/Desktop/chuck_solo_wednesday/stack-overflow-workshop-challenge/dbc_overflow/spec/models/question_spec.rb": [
        1,
        null,
        1,
        1,
        null
      ],
      "/Users/apprentice/Desktop/chuck_solo_wednesday/stack-overflow-workshop-challenge/dbc_overflow/app/models/question.rb": [
        1,
        1,
        null,
        1,
        1,
        null,
        null,
        1,
        0,
        null,
        null
      ],
      "/Users/apprentice/Desktop/chuck_solo_wednesday/stack-overflow-workshop-challenge/dbc_overflow/spec/models/quote_spec.rb": [
        1,
        null,
        1,
        1,
        null
      ],
      "/Users/apprentice/Desktop/chuck_solo_wednesday/stack-overflow-workshop-challenge/dbc_overflow/app/models/quote.rb": [
        1,
        null,
        null
      ],
      "/Users/apprentice/Desktop/chuck_solo_wednesday/stack-overflow-workshop-challenge/dbc_overflow/spec/views/answer/create.html.erb_spec.rb": [
        1,
        null,
        1,
        1,
        null
      ],
      "/Users/apprentice/Desktop/chuck_solo_wednesday/stack-overflow-workshop-challenge/dbc_overflow/spec/views/answer/new.html.erb_spec.rb": [
        1,
        null,
        1,
        1,
        null
      ],
      "/Users/apprentice/Desktop/chuck_solo_wednesday/stack-overflow-workshop-challenge/dbc_overflow/spec/views/answers/create.html.erb_spec.rb": [
        1,
        null,
        1,
        1,
        null
      ],
      "/Users/apprentice/Desktop/chuck_solo_wednesday/stack-overflow-workshop-challenge/dbc_overflow/spec/views/answers/new.html.erb_spec.rb": [
        1,
        null,
        1,
        1,
        null
      ],
      "/Users/apprentice/Desktop/chuck_solo_wednesday/stack-overflow-workshop-challenge/dbc_overflow/spec/views/questions/create.html.erb_spec.rb": [
        1,
        null,
        1,
        1,
        null
      ],
      "/Users/apprentice/Desktop/chuck_solo_wednesday/stack-overflow-workshop-challenge/dbc_overflow/spec/views/questions/index.html.erb_spec.rb": [
        1,
        null,
        1,
        1,
        null
      ],
      "/Users/apprentice/Desktop/chuck_solo_wednesday/stack-overflow-workshop-challenge/dbc_overflow/spec/views/questions/new.html.erb_spec.rb": [
        1,
        null,
        1,
        1,
        null
      ],
      "/Users/apprentice/Desktop/chuck_solo_wednesday/stack-overflow-workshop-challenge/dbc_overflow/spec/views/questions/show.html.erb_spec.rb": [
        1,
        null,
        1,
        1,
        null
      ],
      "/Users/apprentice/Desktop/chuck_solo_wednesday/stack-overflow-workshop-challenge/dbc_overflow/app/models/quote_getter.rb": [
        1,
        1,
        1,
        null,
        1,
        7,
        null,
        7,
        null,
        null,
        1,
        7,
        7,
        7,
        null,
        0,
        null,
        null,
        null
      ]
    },
    "timestamp": 1432245894
  }
}
